<?xml version="1.0" encoding="UTF-8"?>
<testng-results ignored="0" total="1" passed="1" failed="0" skipped="0">
  <reporter-output>
    <line>
      <![CDATA[Opened the browser]]>
    </line>
    <line>
      <![CDATA[Maximized the browser]]>
    </line>
    <line>
      <![CDATA[url opened]]>
    </line>
    <line>
      <![CDATA[Closed the browser]]>
    </line>
  </reporter-output>
  <suite started-at="2020-06-26T11:46:23 IST" name="Default suite" finished-at="2020-06-26T11:46:41 IST" duration-ms="18275">
    <groups>
    </groups>
    <test started-at="2020-06-26T11:46:23 IST" name="Default test" finished-at="2020-06-26T11:46:41 IST" duration-ms="18275">
      <class name="com.testscripts.AddToCart">
        <test-method is-config="true" signature="configBC()[pri:0, instance:com.testscripts.AddToCart@37918c79]" started-at="2020-06-26T11:46:23 IST" name="configBC" finished-at="2020-06-26T11:46:34 IST" duration-ms="10698" status="PASS">
          <reporter-output>
            <line>
              <![CDATA[Opened the browser]]>
            </line>
            <line>
              <![CDATA[Maximized the browser]]>
            </line>
            <line>
              <![CDATA[url opened]]>
            </line>
          </reporter-output>
        </test-method> <!-- configBC -->
        <test-method signature="addToCartTest()[pri:0, instance:com.testscripts.AddToCart@37918c79]" started-at="2020-06-26T11:46:34 IST" name="addToCartTest" finished-at="2020-06-26T11:46:37 IST" duration-ms="2984" status="PASS">
          <reporter-output>
          </reporter-output>
        </test-method> <!-- addToCartTest -->
        <test-method is-config="true" signature="configAC()[pri:0, instance:com.testscripts.AddToCart@37918c79]" started-at="2020-06-26T11:46:37 IST" name="configAC" finished-at="2020-06-26T11:46:41 IST" duration-ms="4522" status="PASS">
          <reporter-output>
            <line>
              <![CDATA[Closed the browser]]>
            </line>
          </reporter-output>
        </test-method> <!-- configAC -->
      </class> <!-- com.testscripts.AddToCart -->
    </test> <!-- Default test -->
  </suite> <!-- Default suite -->
</testng-results>
